[2021-01-06T10:12:34+08:00][error] [0]Call to undefined function api\demo\controller\get_array()
[2021-01-06T10:12:51+08:00][error] [10501]SQLSTATE[42S02]: Base table or view not found: 1146 Table 'cms03.cms_user' doesn't exist
[2021-01-06T10:13:09+08:00][error] [10501]SQLSTATE[42S02]: Base table or view not found: 1146 Table 'cms03.cms_user' doesn't exist
[2021-01-06T10:13:29+08:00][error] [10501]SQLSTATE[42S02]: Base table or view not found: 1146 Table 'cms03.cms_user' doesn't exist
[2021-01-06T10:14:01+08:00][error] [10501]SQLSTATE[42S02]: Base table or view not found: 1146 Table 'cms03.cms_user' doesn't exist
[2021-01-06T10:14:04+08:00][error] [10501]SQLSTATE[42S02]: Base table or view not found: 1146 Table 'cms03.cms_user' doesn't exist
[2021-01-06T10:14:05+08:00][error] [10501]SQLSTATE[42S02]: Base table or view not found: 1146 Table 'cms03.cms_user' doesn't exist
[2021-01-06T10:14:05+08:00][error] [10501]SQLSTATE[42S02]: Base table or view not found: 1146 Table 'cms03.cms_user' doesn't exist
[2021-01-06T10:14:14+08:00][error] [10501]SQLSTATE[42S02]: Base table or view not found: 1146 Table 'cms03.cms_user' doesn't exist
[2021-01-06T10:16:30+08:00][error] [10501]SQLSTATE[42S02]: Base table or view not found: 1146 Table 'cms03.cms_user' doesn't exist
[2021-01-06T10:16:57+08:00][error] [0]Call to undefined function api\demo\controller\get_array()
[2021-01-06T10:16:58+08:00][error] [0]Call to undefined function api\demo\controller\get_array()
[2021-01-06T10:45:19+08:00][error] [0]Class 'org\Crypt' not found
[2021-01-06T10:45:22+08:00][error] [0]Class 'org\Crypt' not found
[2021-01-06T10:46:37+08:00][error] [0]Class 'org\Crypt' not found
[2021-01-06T10:46:38+08:00][error] [0]Class 'org\Crypt' not found
[2021-01-06T10:46:39+08:00][error] [0]Class 'org\Crypt' not found
[2021-01-06T10:47:39+08:00][error] [0]Call to undefined function api\demo\controller\vendor()
[2021-01-06T10:53:34+08:00][error] [0]Class 'org\Crypt' not found
[2021-01-06T10:53:59+08:00][error] [0]Class 'org\Crypt' not found
[2021-01-06T11:29:27+08:00][error] [8192]Non-static method think\Config::get() should not be called statically
[2021-01-06T11:30:01+08:00][error] [8192]Non-static method think\Config::get() should not be called statically
[2021-01-06T13:55:00+08:00][error] [0]Call to undefined function api\demo\controller\getsss()
[2021-01-06T13:55:01+08:00][error] [0]Call to undefined function api\demo\controller\getsss()
[2021-01-06T14:24:28+08:00][error] [0]语法错误: unexpected '/'
[2021-01-06T14:25:15+08:00][error] [0]Call to undefined function api\demo\controller\curl_post()
[2021-01-06T16:08:32+08:00][error] [8]未定义变量: val
[2021-01-06T16:08:33+08:00][error] [8]未定义变量: val
[2021-01-06T16:08:35+08:00][error] [8]未定义变量: val
[2021-01-06T16:08:36+08:00][error] [8]未定义变量: val
[2021-01-06T16:08:37+08:00][error] [8]未定义变量: val
[2021-01-06T16:08:37+08:00][error] [8]未定义变量: val
[2021-01-06T16:08:39+08:00][error] [8]未定义变量: val
[2021-01-06T16:09:09+08:00][error] [8]未定义变量: val
[2021-01-06T16:14:00+08:00][error] [8]未定义变量: val
[2021-01-06T16:15:19+08:00][error] [8]未定义变量: val
[2021-01-06T16:15:20+08:00][error] [8]未定义变量: val
[2021-01-06T16:15:21+08:00][error] [8]未定义变量: val
[2021-01-06T16:15:22+08:00][error] [8]未定义变量: val
[2021-01-06T16:15:23+08:00][error] [8]未定义变量: val
[2021-01-06T16:15:24+08:00][error] [8]未定义变量: val
[2021-01-06T16:20:28+08:00][error] [8]未定义变量: users
[2021-01-06T17:29:05+08:00][error] [0]Unsupported operand types
[2021-01-06T17:29:07+08:00][error] [0]Unsupported operand types
[2021-01-06T17:29:12+08:00][error] [0]Unsupported operand types
[2021-01-06T17:29:51+08:00][error] [8]未定义变量: users
[2021-01-06T17:29:53+08:00][error] [8]未定义变量: users
[2021-01-06T17:30:02+08:00][error] [8]未定义变量: users
[2021-01-06T17:30:03+08:00][error] [8]未定义变量: users
