[2021-01-07T10:14:19+08:00][error] [8]未定义变量: val
[2021-01-07T10:14:21+08:00][error] [8]未定义变量: val
[2021-01-07T10:14:52+08:00][error] [8]未定义变量: val
[2021-01-07T10:14:54+08:00][error] [8]未定义变量: val
[2021-01-07T10:14:56+08:00][error] [8]未定义变量: val
[2021-01-07T10:18:06+08:00][error] [0]Class 'app\admin\controller\UserInfModel' not found
[2021-01-07T10:22:14+08:00][error] [0]Class 'app\admin\controller\Db' not found
[2021-01-07T10:24:16+08:00][error] [0]Class 'app\admin\controller\Db' not found
[2021-01-07T10:24:54+08:00][error] [0]Class 'app\admin\controller\Db' not found
[2021-01-07T10:27:43+08:00][error] [0]Class 'app\admin\controller\Db' not found
[2021-01-07T10:27:43+08:00][error] [0]Class 'app\admin\controller\Db' not found
[2021-01-07T10:27:44+08:00][error] [0]Class 'app\admin\controller\Db' not found
[2021-01-07T10:28:30+08:00][error] [0]Argument 2 passed to think\db\BaseQuery::page() must be of the type int or null, array given, called in D:\phpstudy_pro\WWW\ThinkCMF\app\admin\controller\QyqController.php on line 97
[2021-01-07T10:28:31+08:00][error] [0]Argument 2 passed to think\db\BaseQuery::page() must be of the type int or null, array given, called in D:\phpstudy_pro\WWW\ThinkCMF\app\admin\controller\QyqController.php on line 97
[2021-01-07T10:28:33+08:00][error] [0]Argument 2 passed to think\db\BaseQuery::page() must be of the type int or null, array given, called in D:\phpstudy_pro\WWW\ThinkCMF\app\admin\controller\QyqController.php on line 97
[2021-01-07T10:28:35+08:00][error] [0]Argument 2 passed to think\db\BaseQuery::page() must be of the type int or null, array given, called in D:\phpstudy_pro\WWW\ThinkCMF\app\admin\controller\QyqController.php on line 97
[2021-01-07T10:28:36+08:00][error] [0]Argument 2 passed to think\db\BaseQuery::page() must be of the type int or null, array given, called in D:\phpstudy_pro\WWW\ThinkCMF\app\admin\controller\QyqController.php on line 97
[2021-01-07T11:24:23+08:00][error] [0]Unsupported operand types
[2021-01-07T11:24:24+08:00][error] [0]模板文件不存在:themes/admin_simpleboot3/admin\journal\list_info.html
[2021-01-07T11:24:25+08:00][error] [0]模板文件不存在:themes/admin_simpleboot3/admin\journal\list_info.html
[2021-01-07T11:24:25+08:00][error] [0]Unsupported operand types
[2021-01-07T11:24:26+08:00][error] [0]模板文件不存在:themes/admin_simpleboot3/admin\journal\list_info.html
[2021-01-07T11:24:26+08:00][error] [0]模板文件不存在:themes/admin_simpleboot3/admin\journal\list_info.html
[2021-01-07T11:24:27+08:00][error] [0]Unsupported operand types
[2021-01-07T13:42:48+08:00][error] [10500]method not exist:think\db\Query->get
[2021-01-07T13:43:02+08:00][error] [0]Unsupported operand types
[2021-01-07T13:43:03+08:00][error] [0]Unsupported operand types
[2021-01-07T13:43:27+08:00][error] [0]Unsupported operand types
[2021-01-07T13:43:29+08:00][error] [0]Unsupported operand types
[2021-01-07T13:43:29+08:00][error] [0]Unsupported operand types
[2021-01-07T13:43:30+08:00][error] [0]Unsupported operand types
