[2021-01-08T09:41:21+08:00][error] [10501]SQLSTATE[42000]: Syntax error or access violation: 1064 You have an error in your SQL syntax; check the manual that corresponds to your MySQL server version for the right syntax to use near '00:00:00 and regTime < 2021-01-08 00:00:00  )' at line 1
[2021-01-08T09:44:13+08:00][error] [10501]SQLSTATE[42000]: Syntax error or access violation: 1064 You have an error in your SQL syntax; check the manual that corresponds to your MySQL server version for the right syntax to use near '00:00:00 and regTime < 2021-01-08 00:00:00  )' at line 1
[2021-01-08T09:44:30+08:00][error] [10501]SQLSTATE[42000]: Syntax error or access violation: 1064 You have an error in your SQL syntax; check the manual that corresponds to your MySQL server version for the right syntax to use near '00:00:00 and regTime < 2021-01-08 00:00:00  )' at line 1
[2021-01-08T09:44:32+08:00][error] [10501]SQLSTATE[42000]: Syntax error or access violation: 1064 You have an error in your SQL syntax; check the manual that corresponds to your MySQL server version for the right syntax to use near '00:00:00 and regTime < 2021-01-08 00:00:00  )' at line 1
[2021-01-08T09:46:11+08:00][error] [10501]SQLSTATE[42000]: Syntax error or access violation: 1064 You have an error in your SQL syntax; check the manual that corresponds to your MySQL server version for the right syntax to use near '00:00:00 and regTime < 2021-01-08 00:00:00  )' at line 1
[2021-01-08T09:46:53+08:00][error] [10501]SQLSTATE[42000]: Syntax error or access violation: 1064 You have an error in your SQL syntax; check the manual that corresponds to your MySQL server version for the right syntax to use near '00:00:00 and regTime < 2021-01-08 00:00:00  )' at line 1
[2021-01-08T09:51:26+08:00][error] [10501]SQLSTATE[42000]: Syntax error or access violation: 1064 You have an error in your SQL syntax; check the manual that corresponds to your MySQL server version for the right syntax to use near '2021-01-08 00:00:00''  )' at line 1
[2021-01-08T10:30:35+08:00][error] [10501]SQLSTATE[42000]: Syntax error or access violation: 1064 You have an error in your SQL syntax; check the manual that corresponds to your MySQL server version for the right syntax to use near '2021-01-08 00:00:00'  )' at line 1
[2021-01-08T10:38:00+08:00][error] [0]Call to a member function getlastSql() on int
[2021-01-08T11:07:55+08:00][error] [10500]not support data:player2count1 / 2 + player2count2 / 2 + player3Count1 / 3 + player3Count2 / 3 + player4count1 / 4 + player4count2 / 4
[2021-01-08T11:29:50+08:00][error] [8]未定义数组索引: Dtotal
[2021-01-08T11:30:07+08:00][error] [8]未定义数组索引: Dtotal
[2021-01-08T11:30:08+08:00][error] [8]未定义数组索引: Dtotal
[2021-01-08T11:30:26+08:00][error] [8]未定义数组索引: Dtotal
[2021-01-08T11:30:27+08:00][error] [8]未定义数组索引: Dtotal
[2021-01-08T11:30:27+08:00][error] [8]未定义数组索引: Dtotal
[2021-01-08T11:30:27+08:00][error] [8]未定义数组索引: Dtotal
[2021-01-08T11:30:43+08:00][error] [8]未定义数组索引: Dtotal
[2021-01-08T11:48:05+08:00][error] [8]未定义数组索引: Dtotal
[2021-01-08T11:48:43+08:00][error] [8]未定义数组索引: Dtotal
[2021-01-08T11:48:45+08:00][error] [8]未定义数组索引: Dtotal
[2021-01-08T13:49:13+08:00][error] [8]未定义数组索引: Dtotal
[2021-01-08T13:49:55+08:00][error] [8]未定义数组索引: Dtotal
[2021-01-08T13:50:13+08:00][error] [8]未定义数组索引: Dtotal
[2021-01-08T13:53:51+08:00][error] [8]未定义数组索引: Dtotal
[2021-01-08T13:53:59+08:00][error] [8]未定义数组索引: Dtotal
[2021-01-08T13:55:25+08:00][error] [10501]SQLSTATE[23000]: Integrity constraint violation: 1048 Column 'zjs' cannot be null
[2021-01-08T13:55:41+08:00][error] [10501]SQLSTATE[23000]: Integrity constraint violation: 1048 Column 'zjs' cannot be null
[2021-01-08T13:58:49+08:00][error] [10501]SQLSTATE[23000]: Integrity constraint violation: 1062 Duplicate entry '2021-01-07' for key '日期'
[2021-01-08T13:58:51+08:00][error] [10501]SQLSTATE[23000]: Integrity constraint violation: 1062 Duplicate entry '2021-01-07' for key '日期'
[2021-01-08T13:59:12+08:00][error] [10501]SQLSTATE[23000]: Integrity constraint violation: 1062 Duplicate entry '2021-01-07' for key '日期'
